<?xml version="1.0" encoding="UTF-8"?>
<!-- Generated by org.testng.reporters.JUnitXMLReporter -->
<testsuite hostname="sumit-PC" ignored="0" name="Test(failed)" tests="1" failures="1" timestamp="2020-12-04T11:59:04 IST" time="10.845" errors="0">
  <testcase name="htmlDemo" time="0.503" classname="test.TestFrameWork">
    <failure type="java.lang.NoClassDefFoundError" message="org/apache/commons/collections4/ListValuedMap">
      <![CDATA[java.lang.NoClassDefFoundError: org/apache/commons/collections4/ListValuedMap
at generics.ExcelLibrary.getCellValue(ExcelLibrary.java:14)
at pom.PomPractice.submit(PomPractice.java:45)
at test.TestFrameWork.htmlDemo(TestFrameWork.java:16)
at java.util.ArrayList.forEach(Unknown Source)
Caused by: java.lang.ClassNotFoundException: org.apache.commons.collections4.ListValuedMap
at java.net.URLClassLoader.findClass(Unknown Source)
at java.lang.ClassLoader.loadClass(Unknown Source)
at sun.misc.Launcher$AppClassLoader.loadClass(Unknown Source)
at java.lang.ClassLoader.loadClass(Unknown Source)
... 31 more
... Removed 27 stack frames]]>
    </failure>
  </testcase> <!-- htmlDemo -->
</testsuite> <!-- Test(failed) -->
